19:49:48 **** Incremental Build of configuration Debug for project 2訊P-Barbuto.Tomas-1蚩-TN ****
Info: Internal Builder is used for build
gcc -O0 -g3 -Wall -c -fmessage-length=0 -o "src\\Menu.o" "..\\src\\Menu.c" 
gcc -o 2訊P-Barbuto.Tomas-1蚩-TN.exe "src\\2訊P-Barbuto.Tomas-1蚩-TN.o" "src\\Confederaciones.o" "src\\Jugadores.o" "src\\Menu.o" "src\\Validaciones.o" 
Info: Nothing to build for 2訊P-Barbuto.Tomas-1蚩-TN
19:50:09 **** Incremental Build of configuration Debug for project 2訊P-Barbuto.Tomas-1蚩-TN ****
Info: Internal Builder is used for build
gcc -O0 -g3 -Wall -c -fmessage-length=0 -o "src\\Menu.o" "..\\src\\Menu.c" 
gcc -o 2訊P-Barbuto.Tomas-1蚩-TN.exe "src\\2訊P-Barbuto.Tomas-1蚩-TN.o" "src\\Confederaciones.o" "src\\Jugadores.o" "src\\Menu.o" "src\\Validaciones.o" 
Info: Nothing to build for 2訊P-Barbuto.Tomas-1蚩-TN
19:57:34 **** Incremental Build of configuration Debug for project 2訊P-Barbuto.Tomas-1蚩-TN ****
Info: Internal Builder is used for build
gcc -O0 -g3 -Wall -c -fmessage-length=0 -o "src\\Menu.o" "..\\src\\Menu.c" 
gcc -o 2訊P-Barbuto.Tomas-1蚩-TN.exe "src\\2訊P-Barbuto.Tomas-1蚩-TN.o" "src\\Confederaciones.o" "src\\Jugadores.o" "src\\Menu.o" "src\\Validaciones.o" 
Info: Nothing to build for 2訊P-Barbuto.Tomas-1蚩-TN
Info: Nothing to build for 2訊P-Barbuto.Tomas-1蚩-TN
Info: Nothing to build for 2訊P-Barbuto.Tomas-1蚩-TN
19:59:00 **** Incremental Build of configuration Debug for project 2訊P-Barbuto.Tomas-1蚩-TN ****
Info: Internal Builder is used for build
gcc -O0 -g3 -Wall -c -fmessage-length=0 -o "src\\Validaciones.o" "..\\src\\Validaciones.c" 
gcc -o 2訊P-Barbuto.Tomas-1蚩-TN.exe "src\\2訊P-Barbuto.Tomas-1蚩-TN.o" "src\\Confederaciones.o" "src\\Jugadores.o" "src\\Menu.o" "src\\Validaciones.o" 
c:/mingw/bin/../lib/gcc/mingw32/9.2.0/../../../../mingw32/bin/ld.exe: cannot open output file 2訊P-Barbuto.Tomas-1蚩-TN.exe: Permission denied
collect2.exe: error: ld returned 1 exit status
19:59:05 **** Incremental Build of configuration Debug for project 2訊P-Barbuto.Tomas-1蚩-TN ****
Info: Internal Builder is used for build
gcc -o 2訊P-Barbuto.Tomas-1蚩-TN.exe "src\\2訊P-Barbuto.Tomas-1蚩-TN.o" "src\\Confederaciones.o" "src\\Jugadores.o" "src\\Menu.o" "src\\Validaciones.o" 
20:02:22 **** Incremental Build of configuration Debug for project 2訊P-Barbuto.Tomas-1蚩-TN ****
Info: Internal Builder is used for build
gcc -O0 -g3 -Wall -c -fmessage-length=0 -o "src\\Menu.o" "..\\src\\Menu.c" 
..\src\Menu.c: In function 'mostrarMenu':
..\src\Menu.c:30:13: warning: passing argument 1 of 'getString' from incompatible pointer type [-Wincompatible-pointer-types]
   30 |   getString(&confimar, "\nIngrese SI si desea finalizar el programa\n", "No ingreso algo valido", 2);
      |             ^~~~~~~~~
      |             |
      |             char (*)[2]
In file included from ..\src\Menu.c:4:
..\src\Validaciones.h:17:21: note: expected 'char *' but argument is of type 'char (*)[2]'
   17 | int getString(char *pResultado, char *mensaje, char *mensajeError, int EspacioChar);
      |               ~~~~~~^~~~~~~~~~
..\src\Menu.c:32:33: warning: comparison with string literal results in unspecified behavior [-Waddress]
   32 |  }while(opcion != 5 && confimar != "SI");
      |                                 ^~
gcc -o 2訊P-Barbuto.Tomas-1蚩-TN.exe "src\\2訊P-Barbuto.Tomas-1蚩-TN.o" "src\\Confederaciones.o" "src\\Jugadores.o" "src\\Menu.o" "src\\Validaciones.o" 
20:04:52 **** Incremental Build of configuration Debug for project 2訊P-Barbuto.Tomas-1蚩-TN ****
Info: Internal Builder is used for build
gcc -O0 -g3 -Wall -c -fmessage-length=0 -o "src\\Menu.o" "..\\src\\Menu.c" 
gcc -o 2訊P-Barbuto.Tomas-1蚩-TN.exe "src\\2訊P-Barbuto.Tomas-1蚩-TN.o" "src\\Confederaciones.o" "src\\Jugadores.o" "src\\Menu.o" "src\\Validaciones.o" 
Info: Nothing to build for 2訊P-Barbuto.Tomas-1蚩-TN
Info: Nothing to build for 2訊P-Barbuto.Tomas-1蚩-TN
20:06:27 **** Incremental Build of configuration Debug for project 2訊P-Barbuto.Tomas-1蚩-TN ****
Info: Internal Builder is used for build
gcc -O0 -g3 -Wall -c -fmessage-length=0 -o "src\\Menu.o" "..\\src\\Menu.c" 
gcc -o 2訊P-Barbuto.Tomas-1蚩-TN.exe "src\\2訊P-Barbuto.Tomas-1蚩-TN.o" "src\\Confederaciones.o" "src\\Jugadores.o" "src\\Menu.o" "src\\Validaciones.o" 
Info: Nothing to build for 2訊P-Barbuto.Tomas-1蚩-TN
20:07:06 **** Incremental Build of configuration Debug for project 2訊P-Barbuto.Tomas-1蚩-TN ****
Info: Internal Builder is used for build
gcc -O0 -g3 -Wall -c -fmessage-length=0 -o "src\\Menu.o" "..\\src\\Menu.c" 
gcc -o 2訊P-Barbuto.Tomas-1蚩-TN.exe "src\\2訊P-Barbuto.Tomas-1蚩-TN.o" "src\\Confederaciones.o" "src\\Jugadores.o" "src\\Menu.o" "src\\Validaciones.o" 
Info: Nothing to build for 2訊P-Barbuto.Tomas-1蚩-TN
20:12:00 **** Incremental Build of configuration Debug for project 2訊P-Barbuto.Tomas-1蚩-TN ****
Info: Internal Builder is used for build
gcc -O0 -g3 -Wall -c -fmessage-length=0 -o "src\\Menu.o" "..\\src\\Menu.c" 
..\src\Menu.c: In function 'mostrarMenu':
..\src\Menu.c:17:2: error: unknown type name 'eJugadores'; did you mean 'eJugador'?
   17 |  eJugadores arrayJugadores[CANT_JUGADORES];
      |  ^~~~~~~~~~
      |  eJugador
..\src\Menu.c:17:13: warning: unused variable 'arrayJugadores' [-Wunused-variable]
   17 |  eJugadores arrayJugadores[CANT_JUGADORES];
      |             ^~~~~~~~~~~~~~
20:44:32 **** Incremental Build of configuration Debug for project 2訊P-Barbuto.Tomas-1蚩-TN ****
Info: Internal Builder is used for build
gcc -O0 -g3 -Wall -c -fmessage-length=0 -o "src\\2訊P-Barbuto.Tomas-1蚩-TN.o" "..\\src\\2訊P-Barbuto.Tomas-1蚩-TN.c" 
gcc -O0 -g3 -Wall -c -fmessage-length=0 -o "src\\Menu.o" "..\\src\\Menu.c" 
..\src\Menu.c: In function 'mostrarMenu':
..\src\Menu.c:37:22: error: 'Jugadores' undeclared (first use in this function); did you mean 'eJugador'?
   37 |    if(darAltaJugador(Jugadores[], CANT_JUGADORES)){
      |                      ^~~~~~~~~
      |                      eJugador
..\src\Menu.c:37:22: note: each undeclared identifier is reported only once for each function it appears in
..\src\Menu.c:37:32: error: expected expression before ']' token
   37 |    if(darAltaJugador(Jugadores[], CANT_JUGADORES)){
      |                                ^
..\src\Menu.c:17:11: warning: unused variable 'arrayJugadores' [-Wunused-variable]
   17 |  eJugador arrayJugadores[CANT_JUGADORES];
      |           ^~~~~~~~~~~~~~
20:48:05 **** Incremental Build of configuration Debug for project 2訊P-Barbuto.Tomas-1蚩-TN ****
Info: Internal Builder is used for build
gcc -O0 -g3 -Wall -c -fmessage-length=0 -o "src\\Jugadores.o" "..\\src\\Jugadores.c" 
..\src\Jugadores.c: In function 'darAltaJugador':
..\src\Jugadores.c:78:15: warning: passing argument 1 of 'getString' from incompatible pointer type [-Wincompatible-pointer-types]
   78 |     getString(&auxJugador.nombre, "\nIngrese Nombre: ",
      |               ^~~~~~~~~~~~~~~~~~
      |               |
      |               char (*)[50]
In file included from ..\src\Jugadores.c:4:
..\src\Validaciones.h:15:21: note: expected 'char *' but argument is of type 'char (*)[50]'
   15 | int getString(char *pResultado, char *mensaje, char *mensajeError, int EspacioChar);
      |               ~~~~~~^~~~~~~~~~
..\src\Jugadores.c:81:15: warning: passing argument 1 of 'getString' from incompatible pointer type [-Wincompatible-pointer-types]
   81 |     getString(&auxJugador.posicion, "\nIngrese Posicion: ",
      |               ^~~~~~~~~~~~~~~~~~~~
      |               |
      |               char (*)[50]
In file included from ..\src\Jugadores.c:4:
..\src\Validaciones.h:15:21: note: expected 'char *' but argument is of type 'char (*)[50]'
   15 | int getString(char *pResultado, char *mensaje, char *mensajeError, int EspacioChar);
      |               ~~~~~~^~~~~~~~~~
..\src\Jugadores.c:86:5: error: too few arguments to function 'listarConfederaciones'
   86 |     listarConfederaciones();
      |     ^~~~~~~~~~~~~~~~~~~~~
In file included from ..\src\Jugadores.c:3:
..\src\Confederaciones.h:14:5: note: declared here
   14 | int listarConfederaciones(eConfederacion arrayConfederaciones[], int longitud);
      |     ^~~~~~~~~~~~~~~~~~~~~
20:50:44 **** Incremental Build of configuration Debug for project 2訊P-Barbuto.Tomas-1蚩-TN ****
Info: Internal Builder is used for build
gcc -O0 -g3 -Wall -c -fmessage-length=0 -o "src\\Jugadores.o" "..\\src\\Jugadores.c" 
..\src\Jugadores.c: In function 'darAltaJugador':
..\src\Jugadores.c:78:15: warning: passing argument 1 of 'getString' from incompatible pointer type [-Wincompatible-pointer-types]
   78 |     getString(&auxJugador.nombre, "\nIngrese Nombre: ",
      |               ^~~~~~~~~~~~~~~~~~
      |               |
      |               char (*)[50]
In file included from ..\src\Jugadores.c:4:
..\src\Validaciones.h:15:21: note: expected 'char *' but argument is of type 'char (*)[50]'
   15 | int getString(char *pResultado, char *mensaje, char *mensajeError, int EspacioChar);
      |               ~~~~~~^~~~~~~~~~
..\src\Jugadores.c:81:15: warning: passing argument 1 of 'getString' from incompatible pointer type [-Wincompatible-pointer-types]
   81 |     getString(&auxJugador.posicion, "\nIngrese Posicion: ",
      |               ^~~~~~~~~~~~~~~~~~~~
      |               |
      |               char (*)[50]
In file included from ..\src\Jugadores.c:4:
..\src\Validaciones.h:15:21: note: expected 'char *' but argument is of type 'char (*)[50]'
   15 | int getString(char *pResultado, char *mensaje, char *mensajeError, int EspacioChar);
      |               ~~~~~~^~~~~~~~~~
..\src\Jugadores.c:86:27: error: 'arrayConfederaciones' undeclared (first use in this function); did you mean 'listarConfederaciones'?
   86 |     listarConfederaciones(arrayConfederaciones[], 6);
      |                           ^~~~~~~~~~~~~~~~~~~~
      |                           listarConfederaciones
..\src\Jugadores.c:86:27: note: each undeclared identifier is reported only once for each function it appears in
..\src\Jugadores.c:86:48: error: expected expression before ']' token
   86 |     listarConfederaciones(arrayConfederaciones[], 6);
      |                                                ^
20:51:08 **** Incremental Build of configuration Debug for project 2訊P-Barbuto.Tomas-1蚩-TN ****
Info: Internal Builder is used for build
gcc -O0 -g3 -Wall -c -fmessage-length=0 -o "src\\Menu.o" "..\\src\\Menu.c" 
..\src\Menu.c: In function 'mostrarMenu':
..\src\Menu.c:38:22: error: 'Jugadores' undeclared (first use in this function); did you mean 'eJugador'?
   38 |    if(darAltaJugador(Jugadores[], CANT_JUGADORES)){
      |                      ^~~~~~~~~
      |                      eJugador
..\src\Menu.c:38:22: note: each undeclared identifier is reported only once for each function it appears in
..\src\Menu.c:38:32: error: expected expression before ']' token
   38 |    if(darAltaJugador(Jugadores[], CANT_JUGADORES)){
      |                                ^
20:52:12 **** Incremental Build of configuration Debug for project 2訊P-Barbuto.Tomas-1蚩-TN ****
Info: Internal Builder is used for build
gcc -O0 -g3 -Wall -c -fmessage-length=0 -o "src\\Menu.o" "..\\src\\Menu.c" 
..\src\Menu.c: In function 'mostrarMenu':
..\src\Menu.c:38:37: error: expected expression before ']' token
   38 |    if(darAltaJugador(arrayJugadores[], CANT_JUGADORES)){
      |                                     ^
20:52:32 **** Incremental Build of configuration Debug for project 2訊P-Barbuto.Tomas-1蚩-TN ****
Info: Internal Builder is used for build
gcc -O0 -g3 -Wall -c -fmessage-length=0 -o "src\\Validaciones.o" "..\\src\\Validaciones.c" 
..\src\Validaciones.c: In function 'getShort':
..\src\Validaciones.c:142:12: warning: format '%d' expects argument of type 'int *', but argument 2 has type 'short int *' [-Wformat=]
  142 |    scanf("%d", &buffer);
      |           ~^   ~~~~~~~
      |            |   |
      |            |   short int *
      |            int *
      |           %hd
gcc -O0 -g3 -Wall -c -fmessage-length=0 -o "src\\Jugadores.o" "..\\src\\Jugadores.c" 
..\src\Jugadores.c: In function 'darAltaJugador':
..\src\Jugadores.c:86:27: error: 'arrayConfederaciones' undeclared (first use in this function); did you mean 'listarConfederaciones'?
   86 |     listarConfederaciones(arrayConfederaciones[], 6);
      |                           ^~~~~~~~~~~~~~~~~~~~
      |                           listarConfederaciones
..\src\Jugadores.c:86:27: note: each undeclared identifier is reported only once for each function it appears in
..\src\Jugadores.c:86:48: error: expected expression before ']' token
   86 |     listarConfederaciones(arrayConfederaciones[], 6);
      |                                                ^
20:52:56 **** Incremental Build of configuration Debug for project 2訊P-Barbuto.Tomas-1蚩-TN ****
Info: Internal Builder is used for build
gcc -O0 -g3 -Wall -c -fmessage-length=0 -o "src\\Jugadores.o" "..\\src\\Jugadores.c" 
..\src\Jugadores.c: In function 'darAltaJugador':
..\src\Jugadores.c:86:27: error: 'arrayConfederaciones' undeclared (first use in this function); did you mean 'listarConfederaciones'?
   86 |     listarConfederaciones(arrayConfederaciones[], 6);
      |                           ^~~~~~~~~~~~~~~~~~~~
      |                           listarConfederaciones
..\src\Jugadores.c:86:27: note: each undeclared identifier is reported only once for each function it appears in
..\src\Jugadores.c:86:48: error: expected expression before ']' token
   86 |     listarConfederaciones(arrayConfederaciones[], 6);
      |                                                ^
20:53:24 **** Incremental Build of configuration Debug for project 2訊P-Barbuto.Tomas-1蚩-TN ****
Info: Internal Builder is used for build
gcc -O0 -g3 -Wall -c -fmessage-length=0 -o "src\\Validaciones.o" "..\\src\\Validaciones.c" 
gcc -O0 -g3 -Wall -c -fmessage-length=0 -o "src\\Menu.o" "..\\src\\Menu.c" 
..\src\Menu.c: In function 'mostrarMenu':
..\src\Menu.c:39:37: error: expected expression before ']' token
   39 |    if(darAltaJugador(arrayJugadores[], CANT_JUGADORES)){
      |                                     ^
20:53:46 **** Incremental Build of configuration Debug for project 2訊P-Barbuto.Tomas-1蚩-TN ****
Info: Internal Builder is used for build
gcc -O0 -g3 -Wall -c -fmessage-length=0 -o "src\\Jugadores.o" "..\\src\\Jugadores.c" 
..\src\Jugadores.c: In function 'darAltaJugador':
..\src\Jugadores.c:86:27: error: 'arrayConfederaciones' undeclared (first use in this function); did you mean 'listarConfederaciones'?
   86 |     listarConfederaciones(arrayConfederaciones[], 6);
      |                           ^~~~~~~~~~~~~~~~~~~~
      |                           listarConfederaciones
..\src\Jugadores.c:86:27: note: each undeclared identifier is reported only once for each function it appears in
..\src\Jugadores.c:86:48: error: expected expression before ']' token
   86 |     listarConfederaciones(arrayConfederaciones[], 6);
      |                                                ^
20:54:12 **** Incremental Build of configuration Debug for project 2訊P-Barbuto.Tomas-1蚩-TN ****
Info: Internal Builder is used for build
gcc -O0 -g3 -Wall -c -fmessage-length=0 -o "src\\Jugadores.o" "..\\src\\Jugadores.c" 
..\src\Jugadores.c: In function 'darAltaJugador':
..\src\Jugadores.c:86:27: error: 'arrayConfederaciones' undeclared (first use in this function); did you mean 'listarConfederaciones'?
   86 |     listarConfederaciones(arrayConfederaciones[], 6);
      |                           ^~~~~~~~~~~~~~~~~~~~
      |                           listarConfederaciones
..\src\Jugadores.c:86:27: note: each undeclared identifier is reported only once for each function it appears in
..\src\Jugadores.c:86:48: error: expected expression before ']' token
   86 |     listarConfederaciones(arrayConfederaciones[], 6);
      |                                                ^
20:54:17 **** Incremental Build of configuration Debug for project 2訊P-Barbuto.Tomas-1蚩-TN ****
Info: Internal Builder is used for build
gcc -O0 -g3 -Wall -c -fmessage-length=0 -o "src\\Menu.o" "..\\src\\Menu.c" 
..\src\Menu.c: In function 'mostrarMenu':
..\src\Menu.c:39:37: error: expected expression before ']' token
   39 |    if(darAltaJugador(arrayJugadores[], CANT_JUGADORES)){
      |                                     ^
20:54:34 **** Incremental Build of configuration Debug for project 2訊P-Barbuto.Tomas-1蚩-TN ****
Info: Internal Builder is used for build
gcc -O0 -g3 -Wall -c -fmessage-length=0 -o "src\\Menu.o" "..\\src\\Menu.c" 
..\src\Menu.c: In function 'mostrarMenu':
..\src\Menu.c:22:38: error: expected expression before ']' token
   22 |  inicializarJugadores(arrayJugadores[], CANT_JUGADORES);
      |                                      ^
..\src\Menu.c:39:37: error: expected expression before ']' token
   39 |    if(darAltaJugador(arrayJugadores[], CANT_JUGADORES)){
      |                                     ^
..\src\Menu.c:18:11: warning: variable 'arrayJugadores' set but not used [-Wunused-but-set-variable]
   18 |  eJugador arrayJugadores[CANT_JUGADORES];
      |           ^~~~~~~~~~~~~~
20:54:48 **** Incremental Build of configuration Debug for project 2訊P-Barbuto.Tomas-1蚩-TN ****
Info: Internal Builder is used for build
gcc -O0 -g3 -Wall -c -fmessage-length=0 -o "src\\Jugadores.o" "..\\src\\Jugadores.c" 
..\src\Jugadores.c: In function 'darAltaJugador':
..\src\Jugadores.c:86:27: error: 'arrayConfederaciones' undeclared (first use in this function); did you mean 'listarConfederaciones'?
   86 |     listarConfederaciones(arrayConfederaciones[], 6);
      |                           ^~~~~~~~~~~~~~~~~~~~
      |                           listarConfederaciones
..\src\Jugadores.c:86:27: note: each undeclared identifier is reported only once for each function it appears in
..\src\Jugadores.c:86:48: error: expected expression before ']' token
   86 |     listarConfederaciones(arrayConfederaciones[], 6);
      |                                                ^
20:54:59 **** Incremental Build of configuration Debug for project 2訊P-Barbuto.Tomas-1蚩-TN ****
Info: Internal Builder is used for build
gcc -O0 -g3 -Wall -c -fmessage-length=0 -o "src\\Menu.o" "..\\src\\Menu.c" 
gcc -O0 -g3 -Wall -c -fmessage-length=0 -o "src\\Jugadores.o" "..\\src\\Jugadores.c" 
..\src\Jugadores.c: In function 'darAltaJugador':
..\src\Jugadores.c:86:27: error: 'arrayConfederaciones' undeclared (first use in this function); did you mean 'listarConfederaciones'?
   86 |     listarConfederaciones(arrayConfederaciones[], 6);
      |                           ^~~~~~~~~~~~~~~~~~~~
      |                           listarConfederaciones
..\src\Jugadores.c:86:27: note: each undeclared identifier is reported only once for each function it appears in
..\src\Jugadores.c:86:48: error: expected expression before ']' token
   86 |     listarConfederaciones(arrayConfederaciones[], 6);
      |                                                ^
20:55:23 **** Incremental Build of configuration Debug for project 2訊P-Barbuto.Tomas-1蚩-TN ****
Info: Internal Builder is used for build
gcc -O0 -g3 -Wall -c -fmessage-length=0 -o "src\\Jugadores.o" "..\\src\\Jugadores.c" 
..\src\Jugadores.c: In function 'darAltaJugador':
..\src\Jugadores.c:86:27: error: 'arrayConfederaciones' undeclared (first use in this function); did you mean 'listarConfederaciones'?
   86 |     listarConfederaciones(arrayConfederaciones, 6);
      |                           ^~~~~~~~~~~~~~~~~~~~
      |                           listarConfederaciones
..\src\Jugadores.c:86:27: note: each undeclared identifier is reported only once for each function it appears in
20:57:11 **** Incremental Build of configuration Debug for project 2訊P-Barbuto.Tomas-1蚩-TN ****
Info: Internal Builder is used for build
gcc -O0 -g3 -Wall -c -fmessage-length=0 -o "src\\Jugadores.o" "..\\src\\Jugadores.c" 
..\src\Jugadores.c:62:5: error: conflicting types for 'darAltaJugador'
   62 | int darAltaJugador(eJugador arrayJugadores[], eConfederacion arrayConfederaciones, int longitudJugadores, int longitudConfederaciones) {
      |     ^~~~~~~~~~~~~~
In file included from ..\src\Jugadores.c:5:
..\src\Jugadores.h:29:5: note: previous declaration of 'darAltaJugador' was here
   29 | int darAltaJugador(eJugador Jugadores[], int longitud);
      |     ^~~~~~~~~~~~~~
..\src\Jugadores.c: In function 'darAltaJugador':
..\src\Jugadores.c:69:78: error: invalid operands to binary != (have 'eConfederacion' {aka 'struct <anonymous>'} and 'void *')
   69 |  if (arrayJugadores != NULL && longitudJugadores > 0 && arrayConfederaciones != NULL &&longitudConfederaciones > 0) {
      |                                                                              ^~
..\src\Jugadores.c:86:27: error: incompatible type for argument 1 of 'listarConfederaciones'
   86 |     listarConfederaciones(arrayConfederaciones, longitudConfederaciones);
      |                           ^~~~~~~~~~~~~~~~~~~~
      |                           |
      |                           eConfederacion {aka struct <anonymous>}
In file included from ..\src\Jugadores.c:3:
..\src\Confederaciones.h:14:42: note: expected 'eConfederacion *' {aka 'struct <anonymous> *'} but argument is of type 'eConfederacion' {aka 'struct <anonymous>'}
   14 | int listarConfederaciones(eConfederacion arrayConfederaciones[], int longitud);
      |                           ~~~~~~~~~~~~~~~^~~~~~~~~~~~~~~~~~~~~~
20:57:17 **** Incremental Build of configuration Debug for project 2訊P-Barbuto.Tomas-1蚩-TN ****
Info: Internal Builder is used for build
gcc -O0 -g3 -Wall -c -fmessage-length=0 -o "src\\Jugadores.o" "..\\src\\Jugadores.c" 
..\src\Jugadores.c:62:5: error: conflicting types for 'darAltaJugador'
   62 | int darAltaJugador(eJugador arrayJugadores[], eConfederacion arrayConfederaciones, int longitudJugadores, int longitudConfederaciones) {
      |     ^~~~~~~~~~~~~~
In file included from ..\src\Jugadores.c:5:
..\src\Jugadores.h:29:5: note: previous declaration of 'darAltaJugador' was here
   29 | int darAltaJugador(eJugador Jugadores[], int longitud);
      |     ^~~~~~~~~~~~~~
..\src\Jugadores.c: In function 'darAltaJugador':
..\src\Jugadores.c:69:78: error: invalid operands to binary != (have 'eConfederacion' {aka 'struct <anonymous>'} and 'void *')
   69 |  if (arrayJugadores != NULL && longitudJugadores > 0 && arrayConfederaciones != NULL &&longitudConfederaciones > 0) {
      |                                                                              ^~
..\src\Jugadores.c:86:27: error: incompatible type for argument 1 of 'listarConfederaciones'
   86 |     listarConfederaciones(arrayConfederaciones, longitudConfederaciones);
      |                           ^~~~~~~~~~~~~~~~~~~~
      |                           |
      |                           eConfederacion {aka struct <anonymous>}
In file included from ..\src\Jugadores.c:3:
..\src\Confederaciones.h:14:42: note: expected 'eConfederacion *' {aka 'struct <anonymous> *'} but argument is of type 'eConfederacion' {aka 'struct <anonymous>'}
   14 | int listarConfederaciones(eConfederacion arrayConfederaciones[], int longitud);
      |                           ~~~~~~~~~~~~~~~^~~~~~~~~~~~~~~~~~~~~~
20:57:49 **** Incremental Build of configuration Debug for project 2訊P-Barbuto.Tomas-1蚩-TN ****
Info: Internal Builder is used for build
gcc -O0 -g3 -Wall -c -fmessage-length=0 -o "src\\2訊P-Barbuto.Tomas-1蚩-TN.o" "..\\src\\2訊P-Barbuto.Tomas-1蚩-TN.c" 
gcc -O0 -g3 -Wall -c -fmessage-length=0 -o "src\\Menu.o" "..\\src\\Menu.c" 
..\src\Menu.c: In function 'mostrarMenu':
..\src\Menu.c:9:24: error: incompatible type for argument 2 of 'darAltaJugador'
    9 | #define CANT_JUGADORES 3000
      |                        ^~~~
      |                        |
      |                        int
..\src\Menu.c:39:38: note: in expansion of macro 'CANT_JUGADORES'
   39 |    if(darAltaJugador(arrayJugadores, CANT_JUGADORES)){
      |                                      ^~~~~~~~~~~~~~
In file included from ..\src\Menu.c:5:
..\src\Jugadores.h:29:62: note: expected 'eConfederacion' {aka 'struct <anonymous>'} but argument is of type 'int'
   29 | int darAltaJugador(eJugador arrayJugadores[], eConfederacion arrayConfederaciones, int longitudJugadores, int longitudConfederaciones);
      |                                               ~~~~~~~~~~~~~~~^~~~~~~~~~~~~~~~~~~~
..\src\Menu.c:39:7: error: too few arguments to function 'darAltaJugador'
   39 |    if(darAltaJugador(arrayJugadores, CANT_JUGADORES)){
      |       ^~~~~~~~~~~~~~
In file included from ..\src\Menu.c:5:
..\src\Jugadores.h:29:5: note: declared here
   29 | int darAltaJugador(eJugador arrayJugadores[], eConfederacion arrayConfederaciones, int longitudJugadores, int longitudConfederaciones);
      |     ^~~~~~~~~~~~~~
20:58:45 **** Incremental Build of configuration Debug for project 2訊P-Barbuto.Tomas-1蚩-TN ****
Info: Internal Builder is used for build
gcc -O0 -g3 -Wall -c -fmessage-length=0 -o "src\\Jugadores.o" "..\\src\\Jugadores.c" 
..\src\Jugadores.c: In function 'darAltaJugador':
..\src\Jugadores.c:69:78: error: invalid operands to binary != (have 'eConfederacion' {aka 'struct <anonymous>'} and 'void *')
   69 |  if (arrayJugadores != NULL && longitudJugadores > 0 && arrayConfederaciones != NULL &&longitudConfederaciones > 0) {
      |                                                                              ^~
..\src\Jugadores.c:86:27: error: incompatible type for argument 1 of 'listarConfederaciones'
   86 |     listarConfederaciones(arrayConfederaciones, longitudConfederaciones);
      |                           ^~~~~~~~~~~~~~~~~~~~
      |                           |
      |                           eConfederacion {aka struct <anonymous>}
In file included from ..\src\Jugadores.c:3:
..\src\Confederaciones.h:14:42: note: expected 'eConfederacion *' {aka 'struct <anonymous> *'} but argument is of type 'eConfederacion' {aka 'struct <anonymous>'}
   14 | int listarConfederaciones(eConfederacion arrayConfederaciones[], int longitud);
      |                           ~~~~~~~~~~~~~~~^~~~~~~~~~~~~~~~~~~~~~
20:59:22 **** Incremental Build of configuration Debug for project 2訊P-Barbuto.Tomas-1蚩-TN ****
Info: Internal Builder is used for build
gcc -O0 -g3 -Wall -c -fmessage-length=0 -o "src\\Menu.o" "..\\src\\Menu.c" 
..\src\Menu.c: In function 'mostrarMenu':
..\src\Menu.c:39:38: error: incompatible type for argument 2 of 'darAltaJugador'
   39 |    if(darAltaJugador(arrayJugadores, arrayConfederaciones, CANT_JUGADORES, CANT_CONFEDERACIONES)){
      |                                      ^~~~~~~~~~~~~~~~~~~~
      |                                      |
      |                                      eConfederacion * {aka struct <anonymous> *}
In file included from ..\src\Menu.c:5:
..\src\Jugadores.h:29:62: note: expected 'eConfederacion' {aka 'struct <anonymous>'} but argument is of type 'eConfederacion *' {aka 'struct <anonymous> *'}
   29 | int darAltaJugador(eJugador arrayJugadores[], eConfederacion arrayConfederaciones, int longitudJugadores, int longitudConfederaciones);
      |                                               ~~~~~~~~~~~~~~~^~~~~~~~~~~~~~~~~~~~
20:59:45 **** Incremental Build of configuration Debug for project 2訊P-Barbuto.Tomas-1蚩-TN ****
Info: Internal Builder is used for build
gcc -O0 -g3 -Wall -c -fmessage-length=0 -o "src\\Jugadores.o" "..\\src\\Jugadores.c" 
..\src\Jugadores.c:62:5: error: conflicting types for 'darAltaJugador'
   62 | int darAltaJugador(eJugador arrayJugadores[], eConfederacion arrayConfederaciones, int longitudJugadores, int longitudConfederaciones) {
      |     ^~~~~~~~~~~~~~
In file included from ..\src\Jugadores.c:5:
..\src\Jugadores.h:29:5: note: previous declaration of 'darAltaJugador' was here
   29 | int darAltaJugador(eJugador arrayJugadores[], eConfederacion arrayConfederaciones[], int longitudJugadores, int longitudConfederaciones);
      |     ^~~~~~~~~~~~~~
..\src\Jugadores.c: In function 'darAltaJugador':
..\src\Jugadores.c:69:78: error: invalid operands to binary != (have 'eConfederacion' {aka 'struct <anonymous>'} and 'void *')
   69 |  if (arrayJugadores != NULL && longitudJugadores > 0 && arrayConfederaciones != NULL &&longitudConfederaciones > 0) {
      |                                                                              ^~
..\src\Jugadores.c:86:27: error: incompatible type for argument 1 of 'listarConfederaciones'
   86 |     listarConfederaciones(arrayConfederaciones, longitudConfederaciones);
      |                           ^~~~~~~~~~~~~~~~~~~~
      |                           |
      |                           eConfederacion {aka struct <anonymous>}
In file included from ..\src\Jugadores.c:3:
..\src\Confederaciones.h:14:42: note: expected 'eConfederacion *' {aka 'struct <anonymous> *'} but argument is of type 'eConfederacion' {aka 'struct <anonymous>'}
   14 | int listarConfederaciones(eConfederacion arrayConfederaciones[], int longitud);
      |                           ~~~~~~~~~~~~~~~^~~~~~~~~~~~~~~~~~~~~~
21:00:13 **** Incremental Build of configuration Debug for project 2訊P-Barbuto.Tomas-1蚩-TN ****
Info: Internal Builder is used for build
gcc -O0 -g3 -Wall -c -fmessage-length=0 -o "src\\Menu.o" "..\\src\\Menu.c" 
..\src\Menu.c: In function 'mostrarMenu':
..\src\Menu.c:20:23: error: incompatible type for argument 1 of 'iniciarConfederacion'
   20 |  iniciarConfederacion(arrayConfederaciones);
      |                       ^~~~~~~~~~~~~~~~~~~~
      |                       |
      |                       eConfederacion * {aka struct <anonymous> *}
In file included from ..\src\Menu.c:4:
..\src\Confederaciones.h:13:41: note: expected 'eConfederacion' {aka 'struct <anonymous>'} but argument is of type 'eConfederacion *' {aka 'struct <anonymous> *'}
   13 | int iniciarConfederacion(eConfederacion arrayConfederaciones);
      |                          ~~~~~~~~~~~~~~~^~~~~~~~~~~~~~~~~~~~
21:00:18 **** Incremental Build of configuration Debug for project 2訊P-Barbuto.Tomas-1蚩-TN ****
Info: Internal Builder is used for build
gcc -O0 -g3 -Wall -c -fmessage-length=0 -o "src\\Jugadores.o" "..\\src\\Jugadores.c" 
..\src\Jugadores.c:62:5: error: conflicting types for 'darAltaJugador'
   62 | int darAltaJugador(eJugador arrayJugadores[], eConfederacion arrayConfederaciones, int longitudJugadores, int longitudConfederaciones) {
      |     ^~~~~~~~~~~~~~
In file included from ..\src\Jugadores.c:5:
..\src\Jugadores.h:29:5: note: previous declaration of 'darAltaJugador' was here
   29 | int darAltaJugador(eJugador arrayJugadores[], eConfederacion arrayConfederaciones[], int longitudJugadores, int longitudConfederaciones);
      |     ^~~~~~~~~~~~~~
..\src\Jugadores.c: In function 'darAltaJugador':
..\src\Jugadores.c:69:78: error: invalid operands to binary != (have 'eConfederacion' {aka 'struct <anonymous>'} and 'void *')
   69 |  if (arrayJugadores != NULL && longitudJugadores > 0 && arrayConfederaciones != NULL &&longitudConfederaciones > 0) {
      |                                                                              ^~
..\src\Jugadores.c:86:27: error: incompatible type for argument 1 of 'listarConfederaciones'
   86 |     listarConfederaciones(arrayConfederaciones, longitudConfederaciones);
      |                           ^~~~~~~~~~~~~~~~~~~~
      |                           |
      |                           eConfederacion {aka struct <anonymous>}
In file included from ..\src\Jugadores.c:3:
..\src\Confederaciones.h:14:42: note: expected 'eConfederacion *' {aka 'struct <anonymous> *'} but argument is of type 'eConfederacion' {aka 'struct <anonymous>'}
   14 | int listarConfederaciones(eConfederacion arrayConfederaciones[], int longitud);
      |                           ~~~~~~~~~~~~~~~^~~~~~~~~~~~~~~~~~~~~~
21:00:36 **** Incremental Build of configuration Debug for project 2訊P-Barbuto.Tomas-1蚩-TN ****
Info: Internal Builder is used for build
gcc -O0 -g3 -Wall -c -fmessage-length=0 -o "src\\Confederaciones.o" "..\\src\\Confederaciones.c" 
gcc -O0 -g3 -Wall -c -fmessage-length=0 -o "src\\Menu.o" "..\\src\\Menu.c" 
gcc -O0 -g3 -Wall -c -fmessage-length=0 -o "src\\2訊P-Barbuto.Tomas-1蚩-TN.o" "..\\src\\2訊P-Barbuto.Tomas-1蚩-TN.c" 
gcc -O0 -g3 -Wall -c -fmessage-length=0 -o "src\\Jugadores.o" "..\\src\\Jugadores.c" 
..\src\Jugadores.c:62:5: error: conflicting types for 'darAltaJugador'
   62 | int darAltaJugador(eJugador arrayJugadores[], eConfederacion arrayConfederaciones, int longitudJugadores, int longitudConfederaciones) {
      |     ^~~~~~~~~~~~~~
In file included from ..\src\Jugadores.c:5:
..\src\Jugadores.h:29:5: note: previous declaration of 'darAltaJugador' was here
   29 | int darAltaJugador(eJugador arrayJugadores[], eConfederacion arrayConfederaciones[], int longitudJugadores, int longitudConfederaciones);
      |     ^~~~~~~~~~~~~~
..\src\Jugadores.c: In function 'darAltaJugador':
..\src\Jugadores.c:69:78: error: invalid operands to binary != (have 'eConfederacion' {aka 'struct <anonymous>'} and 'void *')
   69 |  if (arrayJugadores != NULL && longitudJugadores > 0 && arrayConfederaciones != NULL &&longitudConfederaciones > 0) {
      |                                                                              ^~
..\src\Jugadores.c:86:27: error: incompatible type for argument 1 of 'listarConfederaciones'
   86 |     listarConfederaciones(arrayConfederaciones, longitudConfederaciones);
      |                           ^~~~~~~~~~~~~~~~~~~~
      |                           |
      |                           eConfederacion {aka struct <anonymous>}
In file included from ..\src\Jugadores.c:3:
..\src\Confederaciones.h:14:42: note: expected 'eConfederacion *' {aka 'struct <anonymous> *'} but argument is of type 'eConfederacion' {aka 'struct <anonymous>'}
   14 | int listarConfederaciones(eConfederacion arrayConfederaciones[], int longitud);
      |                           ~~~~~~~~~~~~~~~^~~~~~~~~~~~~~~~~~~~~~
21:01:20 **** Incremental Build of configuration Debug for project 2訊P-Barbuto.Tomas-1蚩-TN ****
Info: Internal Builder is used for build
gcc -O0 -g3 -Wall -c -fmessage-length=0 -o "src\\Confederaciones.o" "..\\src\\Confederaciones.c" 
gcc -O0 -g3 -Wall -c -fmessage-length=0 -o "src\\2訊P-Barbuto.Tomas-1蚩-TN.o" "..\\src\\2訊P-Barbuto.Tomas-1蚩-TN.c" 
gcc -O0 -g3 -Wall -c -fmessage-length=0 -o "src\\Menu.o" "..\\src\\Menu.c" 
gcc -O0 -g3 -Wall -c -fmessage-length=0 -o "src\\Jugadores.o" "..\\src\\Jugadores.c" 
..\src\Jugadores.c:62:5: error: conflicting types for 'darAltaJugador'
   62 | int darAltaJugador(eJugador arrayJugadores[], eConfederacion arrayConfederaciones, int longitudJugadores, int longitudConfederaciones) {
      |     ^~~~~~~~~~~~~~
In file included from ..\src\Jugadores.c:5:
..\src\Jugadores.h:29:5: note: previous declaration of 'darAltaJugador' was here
   29 | int darAltaJugador(eJugador arrayJugadores[], eConfederacion arrayConfederaciones[], int longitudJugadores, int longitudConfederaciones);
      |     ^~~~~~~~~~~~~~
..\src\Jugadores.c: In function 'darAltaJugador':
..\src\Jugadores.c:69:78: error: invalid operands to binary != (have 'eConfederacion' {aka 'struct <anonymous>'} and 'void *')
   69 |  if (arrayJugadores != NULL && longitudJugadores > 0 && arrayConfederaciones != NULL &&longitudConfederaciones > 0) {
      |                                                                              ^~
..\src\Jugadores.c:86:27: error: incompatible type for argument 1 of 'listarConfederaciones'
   86 |     listarConfederaciones(arrayConfederaciones, longitudConfederaciones);
      |                           ^~~~~~~~~~~~~~~~~~~~
      |                           |
      |                           eConfederacion {aka struct <anonymous>}
In file included from ..\src\Jugadores.c:3:
..\src\Confederaciones.h:14:42: note: expected 'eConfederacion *' {aka 'struct <anonymous> *'} but argument is of type 'eConfederacion' {aka 'struct <anonymous>'}
   14 | int listarConfederaciones(eConfederacion arrayConfederaciones[], int longitud);
      |                           ~~~~~~~~~~~~~~~^~~~~~~~~~~~~~~~~~~~~~
21:02:30 **** Incremental Build of configuration Debug for project 2訊P-Barbuto.Tomas-1蚩-TN ****
Info: Internal Builder is used for build
gcc -O0 -g3 -Wall -c -fmessage-length=0 -o "src\\Jugadores.o" "..\\src\\Jugadores.c" 
..\src\Jugadores.c:62:5: error: conflicting types for 'darAltaJugador'
   62 | int darAltaJugador(eJugador arrayJugadores[], eConfederacion arrayConfederaciones, int longitudJugadores, int longitudConfederaciones) {
      |     ^~~~~~~~~~~~~~
In file included from ..\src\Jugadores.c:5:
..\src\Jugadores.h:29:5: note: previous declaration of 'darAltaJugador' was here
   29 | int darAltaJugador(eJugador arrayJugadores[], eConfederacion arrayConfederaciones[], int longitudJugadores, int longitudConfederaciones);
      |     ^~~~~~~~~~~~~~
..\src\Jugadores.c: In function 'darAltaJugador':
..\src\Jugadores.c:69:78: error: invalid operands to binary != (have 'eConfederacion' {aka 'struct <anonymous>'} and 'void *')
   69 |  if (arrayJugadores != NULL && longitudJugadores > 0 && arrayConfederaciones != NULL && longitudConfederaciones > 0) {
      |                                                                              ^~
..\src\Jugadores.c:86:27: error: incompatible type for argument 1 of 'listarConfederaciones'
   86 |     listarConfederaciones(arrayConfederaciones, longitudConfederaciones);
      |                           ^~~~~~~~~~~~~~~~~~~~
      |                           |
      |                           eConfederacion {aka struct <anonymous>}
In file included from ..\src\Jugadores.c:3:
..\src\Confederaciones.h:14:42: note: expected 'eConfederacion *' {aka 'struct <anonymous> *'} but argument is of type 'eConfederacion' {aka 'struct <anonymous>'}
   14 | int listarConfederaciones(eConfederacion arrayConfederaciones[], int longitud);
      |                           ~~~~~~~~~~~~~~~^~~~~~~~~~~~~~~~~~~~~~
21:03:25 **** Incremental Build of configuration Debug for project 2訊P-Barbuto.Tomas-1蚩-TN ****
Info: Internal Builder is used for build
gcc -O0 -g3 -Wall -c -fmessage-length=0 -o "src\\Jugadores.o" "..\\src\\Jugadores.c" 
..\src\Jugadores.c:62:5: error: conflicting types for 'darAltaJugador'
   62 | int darAltaJugador(eJugador arrayJugadores[], eConfederacion arrayConfederaciones, int longitudJugadores, int longitudConfederaciones) {
      |     ^~~~~~~~~~~~~~
In file included from ..\src\Jugadores.c:5:
..\src\Jugadores.h:29:5: note: previous declaration of 'darAltaJugador' was here
   29 | int darAltaJugador(eJugador arrayJugadores[], eConfederacion arrayConfederaciones[], int longitudJugadores, int longitudConfederaciones);
      |     ^~~~~~~~~~~~~~
..\src\Jugadores.c: In function 'darAltaJugador':
..\src\Jugadores.c:69:53: error: invalid operands to binary != (have 'eConfederacion' {aka 'struct <anonymous>'} and 'void *')
   69 |  if (arrayJugadores != NULL && arrayConfederaciones != NULL && longitudJugadores > 0  && longitudConfederaciones > 0) {
      |                                                     ^~
..\src\Jugadores.c:86:27: error: incompatible type for argument 1 of 'listarConfederaciones'
   86 |     listarConfederaciones(arrayConfederaciones, longitudConfederaciones);
      |                           ^~~~~~~~~~~~~~~~~~~~
      |                           |
      |                           eConfederacion {aka struct <anonymous>}
In file included from ..\src\Jugadores.c:3:
..\src\Confederaciones.h:14:42: note: expected 'eConfederacion *' {aka 'struct <anonymous> *'} but argument is of type 'eConfederacion' {aka 'struct <anonymous>'}
   14 | int listarConfederaciones(eConfederacion arrayConfederaciones[], int longitud);
      |                           ~~~~~~~~~~~~~~~^~~~~~~~~~~~~~~~~~~~~~
21:03:45 **** Incremental Build of configuration Debug for project 2訊P-Barbuto.Tomas-1蚩-TN ****
Info: Internal Builder is used for build
gcc -O0 -g3 -Wall -c -fmessage-length=0 -o "src\\Menu.o" "..\\src\\Menu.c" 
..\src\Menu.c: In function 'darAltaJugador':
..\src\Menu.c:11:18: error: expected '=', ',', ';', 'asm' or '__attribute__' before '{' token
   11 | int mostrarMenu(){
      |                  ^
In file included from ..\src\Menu.c:5:
..\src\Jugadores.h:29:5: error: old-style parameter declarations in prototyped function definition
   29 | int darAltaJugador(eJugador arrayJugadores[], eConfederacion arrayConfederaciones, int longitudJugadores, int longitudConfederaciones)
      |     ^~~~~~~~~~~~~~
..\src\Menu.c:64: error: expected '{' at end of input
..\src\Menu.c:63:1: warning: control reaches end of non-void function [-Wreturn-type]
   63 | }
      | ^
21:03:50 **** Incremental Build of configuration Debug for project 2訊P-Barbuto.Tomas-1蚩-TN ****
Info: Internal Builder is used for build
gcc -O0 -g3 -Wall -c -fmessage-length=0 -o "src\\Menu.o" "..\\src\\Menu.c" 
..\src\Menu.c: In function 'mostrarMenu':
..\src\Menu.c:39:38: error: incompatible type for argument 2 of 'darAltaJugador'
   39 |    if(darAltaJugador(arrayJugadores, arrayConfederaciones, CANT_JUGADORES, CANT_CONFEDERACIONES)){
      |                                      ^~~~~~~~~~~~~~~~~~~~
      |                                      |
      |                                      eConfederacion * {aka struct <anonymous> *}
In file included from ..\src\Menu.c:5:
..\src\Jugadores.h:29:62: note: expected 'eConfederacion' {aka 'struct <anonymous>'} but argument is of type 'eConfederacion *' {aka 'struct <anonymous> *'}
   29 | int darAltaJugador(eJugador arrayJugadores[], eConfederacion arrayConfederaciones, int longitudJugadores, int longitudConfederaciones);
      |                                               ~~~~~~~~~~~~~~~^~~~~~~~~~~~~~~~~~~~
21:03:58 **** Incremental Build of configuration Debug for project 2訊P-Barbuto.Tomas-1蚩-TN ****
Info: Internal Builder is used for build
gcc -O0 -g3 -Wall -c -fmessage-length=0 -o "src\\2訊P-Barbuto.Tomas-1蚩-TN.o" "..\\src\\2訊P-Barbuto.Tomas-1蚩-TN.c" 
gcc -O0 -g3 -Wall -c -fmessage-length=0 -o "src\\Jugadores.o" "..\\src\\Jugadores.c" 
..\src\Jugadores.c:62:5: error: conflicting types for 'darAltaJugador'
   62 | int darAltaJugador(eJugador arrayJugadores[], eConfederacion arrayConfederaciones, int longitudJugadores, int longitudConfederaciones) {
      |     ^~~~~~~~~~~~~~
In file included from ..\src\Jugadores.c:5:
..\src\Jugadores.h:29:5: note: previous declaration of 'darAltaJugador' was here
   29 | int darAltaJugador(eJugador arrayJugadores[], eConfederacion arrayConfederaciones[], int longitudJugadores, int longitudConfederaciones);
      |     ^~~~~~~~~~~~~~
..\src\Jugadores.c: In function 'darAltaJugador':
..\src\Jugadores.c:69:53: error: invalid operands to binary != (have 'eConfederacion' {aka 'struct <anonymous>'} and 'void *')
   69 |  if (arrayJugadores != NULL && arrayConfederaciones != NULL && longitudJugadores > 0  && longitudConfederaciones > 0) {
      |                                                     ^~
..\src\Jugadores.c:86:27: error: incompatible type for argument 1 of 'listarConfederaciones'
   86 |     listarConfederaciones(arrayConfederaciones, longitudConfederaciones);
      |                           ^~~~~~~~~~~~~~~~~~~~
      |                           |
      |                           eConfederacion {aka struct <anonymous>}
In file included from ..\src\Jugadores.c:3:
..\src\Confederaciones.h:14:42: note: expected 'eConfederacion *' {aka 'struct <anonymous> *'} but argument is of type 'eConfederacion' {aka 'struct <anonymous>'}
   14 | int listarConfederaciones(eConfederacion arrayConfederaciones[], int longitud);
      |                           ~~~~~~~~~~~~~~~^~~~~~~~~~~~~~~~~~~~~~
21:04:09 **** Incremental Build of configuration Debug for project 2訊P-Barbuto.Tomas-1蚩-TN ****
Info: Internal Builder is used for build
gcc -O0 -g3 -Wall -c -fmessage-length=0 -o "src\\Jugadores.o" "..\\src\\Jugadores.c" 
gcc -O0 -g3 -Wall -c -fmessage-length=0 -o "src\\Menu.o" "..\\src\\Menu.c" 
gcc -o 2訊P-Barbuto.Tomas-1蚩-TN.exe "src\\2訊P-Barbuto.Tomas-1蚩-TN.o" "src\\Confederaciones.o" "src\\Jugadores.o" "src\\Menu.o" "src\\Validaciones.o" 
Info: Nothing to build for 2訊P-Barbuto.Tomas-1蚩-TN
21:06:42 **** Incremental Build of configuration Debug for project 2訊P-Barbuto.Tomas-1蚩-TN ****
Info: Internal Builder is used for build
gcc -O0 -g3 -Wall -c -fmessage-length=0 -o "src\\Jugadores.o" "..\\src\\Jugadores.c" 
gcc -O0 -g3 -Wall -c -fmessage-length=0 -o "src\\Validaciones.o" "..\\src\\Validaciones.c" 
gcc -o 2訊P-Barbuto.Tomas-1蚩-TN.exe "src\\2訊P-Barbuto.Tomas-1蚩-TN.o" "src\\Confederaciones.o" "src\\Jugadores.o" "src\\Menu.o" "src\\Validaciones.o" 
c:/mingw/bin/../lib/gcc/mingw32/9.2.0/../../../../mingw32/bin/ld.exe: cannot open output file 2訊P-Barbuto.Tomas-1蚩-TN.exe: Permission denied
collect2.exe: error: ld returned 1 exit status
21:06:45 **** Incremental Build of configuration Debug for project 2訊P-Barbuto.Tomas-1蚩-TN ****
Info: Internal Builder is used for build
gcc -o 2訊P-Barbuto.Tomas-1蚩-TN.exe "src\\2訊P-Barbuto.Tomas-1蚩-TN.o" "src\\Confederaciones.o" "src\\Jugadores.o" "src\\Menu.o" "src\\Validaciones.o" 
21:07:34 **** Incremental Build of configuration Debug for project 2訊P-Barbuto.Tomas-1蚩-TN ****
Info: Internal Builder is used for build
gcc -O0 -g3 -Wall -c -fmessage-length=0 -o "src\\Menu.o" "..\\src\\Menu.c" 
gcc -o 2訊P-Barbuto.Tomas-1蚩-TN.exe "src\\2訊P-Barbuto.Tomas-1蚩-TN.o" "src\\Confederaciones.o" "src\\Jugadores.o" "src\\Menu.o" "src\\Validaciones.o" 
c:/mingw/bin/../lib/gcc/mingw32/9.2.0/../../../../mingw32/bin/ld.exe: cannot open output file 2訊P-Barbuto.Tomas-1蚩-TN.exe: Permission denied
collect2.exe: error: ld returned 1 exit status
21:07:37 **** Incremental Build of configuration Debug for project 2訊P-Barbuto.Tomas-1蚩-TN ****
Info: Internal Builder is used for build
gcc -o 2訊P-Barbuto.Tomas-1蚩-TN.exe "src\\2訊P-Barbuto.Tomas-1蚩-TN.o" "src\\Confederaciones.o" "src\\Jugadores.o" "src\\Menu.o" "src\\Validaciones.o" 
21:09:36 **** Incremental Build of configuration Debug for project 2訊P-Barbuto.Tomas-1蚩-TN ****
Info: Internal Builder is used for build
gcc -O0 -g3 -Wall -c -fmessage-length=0 -o "src\\Validaciones.o" "..\\src\\Validaciones.c" 
gcc -o 2訊P-Barbuto.Tomas-1蚩-TN.exe "src\\2訊P-Barbuto.Tomas-1蚩-TN.o" "src\\Confederaciones.o" "src\\Jugadores.o" "src\\Menu.o" "src\\Validaciones.o" 
c:/mingw/bin/../lib/gcc/mingw32/9.2.0/../../../../mingw32/bin/ld.exe: cannot open output file 2訊P-Barbuto.Tomas-1蚩-TN.exe: Permission denied
collect2.exe: error: ld returned 1 exit status
21:13:32 **** Incremental Build of configuration Debug for project 2訊P-Barbuto.Tomas-1蚩-TN ****
Info: Internal Builder is used for build
gcc -O0 -g3 -Wall -c -fmessage-length=0 -o "src\\2訊P-Barbuto.Tomas-1蚩-TN.o" "..\\src\\2訊P-Barbuto.Tomas-1蚩-TN.c" 
gcc -O0 -g3 -Wall -c -fmessage-length=0 -o "src\\Menu.o" "..\\src\\Menu.c" 
gcc -O0 -g3 -Wall -c -fmessage-length=0 -o "src\\Jugadores.o" "..\\src\\Jugadores.c" 
gcc -O0 -g3 -Wall -c -fmessage-length=0 -o "src\\Confederaciones.o" "..\\src\\Confederaciones.c" 
gcc -O0 -g3 -Wall -c -fmessage-length=0 -o "src\\Validaciones.o" "..\\src\\Validaciones.c" 
gcc -o 2訊P-Barbuto.Tomas-1蚩-TN.exe "src\\2訊P-Barbuto.Tomas-1蚩-TN.o" "src\\Confederaciones.o" "src\\Jugadores.o" "src\\Menu.o" "src\\Validaciones.o" 
Info: Nothing to build for 2訊P-Barbuto.Tomas-1蚩-TN
21:24:13 **** Incremental Build of configuration Debug for project 2訊P-Barbuto.Tomas-1蚩-TN ****
Info: Internal Builder is used for build
gcc -O0 -g3 -Wall -c -fmessage-length=0 -o "src\\Jugadores.o" "..\\src\\Jugadores.c" 
gcc -O0 -g3 -Wall -c -fmessage-length=0 -o "src\\Menu.o" "..\\src\\Menu.c" 
gcc -o 2訊P-Barbuto.Tomas-1蚩-TN.exe "src\\2訊P-Barbuto.Tomas-1蚩-TN.o" "src\\Confederaciones.o" "src\\Jugadores.o" "src\\Menu.o" "src\\Validaciones.o" 
c:/mingw/bin/../lib/gcc/mingw32/9.2.0/../../../../mingw32/bin/ld.exe: cannot open output file 2訊P-Barbuto.Tomas-1蚩-TN.exe: Permission denied
collect2.exe: error: ld returned 1 exit status
21:24:29 **** Incremental Build of configuration Debug for project 2訊P-Barbuto.Tomas-1蚩-TN ****
Info: Internal Builder is used for build
gcc -o 2訊P-Barbuto.Tomas-1蚩-TN.exe "src\\2訊P-Barbuto.Tomas-1蚩-TN.o" "src\\Confederaciones.o" "src\\Jugadores.o" "src\\Menu.o" "src\\Validaciones.o" 
21:32:40 **** Incremental Build of configuration Debug for project 2訊P-Barbuto.Tomas-1蚩-TN ****
Info: Internal Builder is used for build
gcc -O0 -g3 -Wall -c -fmessage-length=0 -o "src\\2訊P-Barbuto.Tomas-1蚩-TN.o" "..\\src\\2訊P-Barbuto.Tomas-1蚩-TN.c" 
gcc -O0 -g3 -Wall -c -fmessage-length=0 -o "src\\Menu.o" "..\\src\\Menu.c" 
gcc -O0 -g3 -Wall -c -fmessage-length=0 -o "src\\Jugadores.o" "..\\src\\Jugadores.c" 
gcc -o 2訊P-Barbuto.Tomas-1蚩-TN.exe "src\\2訊P-Barbuto.Tomas-1蚩-TN.o" "src\\Confederaciones.o" "src\\Jugadores.o" "src\\Menu.o" "src\\Validaciones.o" 
c:/mingw/bin/../lib/gcc/mingw32/9.2.0/../../../../mingw32/bin/ld.exe: cannot open output file 2訊P-Barbuto.Tomas-1蚩-TN.exe: Permission denied
collect2.exe: error: ld returned 1 exit status
21:34:05 **** Incremental Build of configuration Debug for project 2訊P-Barbuto.Tomas-1蚩-TN ****
Info: Internal Builder is used for build
gcc -O0 -g3 -Wall -c -fmessage-length=0 -o "src\\Menu.o" "..\\src\\Menu.c" 
gcc -O0 -g3 -Wall -c -fmessage-length=0 -o "src\\2訊P-Barbuto.Tomas-1蚩-TN.o" "..\\src\\2訊P-Barbuto.Tomas-1蚩-TN.c" 
gcc -O0 -g3 -Wall -c -fmessage-length=0 -o "src\\Jugadores.o" "..\\src\\Jugadores.c" 
gcc -o 2訊P-Barbuto.Tomas-1蚩-TN.exe "src\\2訊P-Barbuto.Tomas-1蚩-TN.o" "src\\Confederaciones.o" "src\\Jugadores.o" "src\\Menu.o" "src\\Validaciones.o" 
c:/mingw/bin/../lib/gcc/mingw32/9.2.0/../../../../mingw32/bin/ld.exe: cannot open output file 2訊P-Barbuto.Tomas-1蚩-TN.exe: Permission denied
collect2.exe: error: ld returned 1 exit status
21:34:09 **** Incremental Build of configuration Debug for project 2訊P-Barbuto.Tomas-1蚩-TN ****
Info: Internal Builder is used for build
gcc -o 2訊P-Barbuto.Tomas-1蚩-TN.exe "src\\2訊P-Barbuto.Tomas-1蚩-TN.o" "src\\Confederaciones.o" "src\\Jugadores.o" "src\\Menu.o" "src\\Validaciones.o" 
21:36:46 **** Incremental Build of configuration Debug for project 2訊P-Barbuto.Tomas-1蚩-TN ****
Info: Internal Builder is used for build
gcc -O0 -g3 -Wall -c -fmessage-length=0 -o "src\\Menu.o" "..\\src\\Menu.c" 
gcc -o 2訊P-Barbuto.Tomas-1蚩-TN.exe "src\\2訊P-Barbuto.Tomas-1蚩-TN.o" "src\\Confederaciones.o" "src\\Jugadores.o" "src\\Menu.o" "src\\Validaciones.o" 
c:/mingw/bin/../lib/gcc/mingw32/9.2.0/../../../../mingw32/bin/ld.exe: cannot open output file 2訊P-Barbuto.Tomas-1蚩-TN.exe: Permission denied
collect2.exe: error: ld returned 1 exit status
